# JRE version: Java(TM) SE Runtime Environment (8.0_181-b13) (build 1.8.0_181-b13)
# Java VM: Java HotSpot(TM) 64-Bit Server VM (25.181-b13 mixed mode windows-amd64 compressed oops)
Heap:
 PSYoungGen      total 190464K, used 145035K [0x000000076b400000, 0x0000000778c80000, 0x00000007c0000000)
  eden space 179712K, 78% used [0x000000076b400000,0x0000000773d55a28,0x0000000776380000)
  from space 10752K, 40% used [0x0000000776e00000,0x000000077724d470,0x0000000777880000)
  to   space 10752K, 0% used [0x0000000776380000,0x0000000776380000,0x0000000776e00000)
 ParOldGen       total 139264K, used 13231K [0x00000006c1c00000, 0x00000006ca400000, 0x000000076b400000)
  object space 139264K, 9% used [0x00000006c1c00000,0x00000006c28ebef8,0x00000006ca400000)
 Metaspace       used 42272K, capacity 42898K, committed 43264K, reserved 1085440K
  class space    used 6130K, capacity 6284K, committed 6400K, reserved 1048576K
GC Heap History (10 events):
Event: 2.858 GC heap before
{Heap before GC invocations=4 (full 1):
 PSYoungGen      total 76288K, used 5254K [0x000000076b400000, 0x0000000774900000, 0x00000007c0000000)
  eden space 65536K, 0% used [0x000000076b400000,0x000000076b400000,0x000000076f400000)
  from space 10752K, 48% used [0x000000076f400000,0x000000076f921b68,0x000000076fe80000)
  to   space 10752K, 0% used [0x0000000773e80000,0x0000000773e80000,0x0000000774900000)
 ParOldGen       total 175104K, used 96K [0x00000006c1c00000, 0x00000006cc700000, 0x000000076b400000)
  object space 175104K, 0% used [0x00000006c1c00000,0x00000006c1c18028,0x00000006cc700000)
 Metaspace       used 20915K, capacity 21106K, committed 21296K, reserved 1067008K
  class space    used 2888K, capacity 2941K, committed 2944K, reserved 1048576K
Event: 2.882 GC heap after
Heap after GC invocations=4 (full 1):
 PSYoungGen      total 76288K, used 0K [0x000000076b400000, 0x0000000774900000, 0x00000007c0000000)
  eden space 65536K, 0% used [0x000000076b400000,0x000000076b400000,0x000000076f400000)
  from space 10752K, 0% used [0x000000076f400000,0x000000076f400000,0x000000076fe80000)
  to   space 10752K, 0% used [0x0000000773e80000,0x0000000773e80000,0x0000000774900000)
 ParOldGen       total 96768K, used 5191K [0x00000006c1c00000, 0x00000006c7a80000, 0x000000076b400000)
  object space 96768K, 5% used [0x00000006c1c00000,0x00000006c2111e70,0x00000006c7a80000)
 Metaspace       used 20915K, capacity 21106K, committed 21296K, reserved 1067008K
  class space    used 2888K, capacity 2941K, committed 2944K, reserved 1048576K
}
Event: 3.514 GC heap before
{Heap before GC invocations=5 (full 1):
 PSYoungGen      total 76288K, used 65490K [0x000000076b400000, 0x0000000774900000, 0x00000007c0000000)
  eden space 65536K, 99% used [0x000000076b400000,0x000000076f3f4b70,0x000000076f400000)
  from space 10752K, 0% used [0x000000076f400000,0x000000076f400000,0x000000076fe80000)
  to   space 10752K, 0% used [0x0000000773e80000,0x0000000773e80000,0x0000000774900000)
 ParOldGen       total 96768K, used 5191K [0x00000006c1c00000, 0x00000006c7a80000, 0x000000076b400000)
  object space 96768K, 5% used [0x00000006c1c00000,0x00000006c2111e70,0x00000006c7a80000)
 Metaspace       used 27614K, capacity 27830K, committed 28032K, reserved 1073152K
  class space    used 3815K, capacity 3875K, committed 3968K, reserved 1048576K
Event: 3.534 GC heap after
Heap after GC invocations=5 (full 1):
 PSYoungGen      total 118272K, used 7711K [0x000000076b400000, 0x0000000774680000, 0x00000007c0000000)
  eden space 110080K, 0% used [0x000000076b400000,0x000000076b400000,0x0000000771f80000)
  from space 8192K, 94% used [0x0000000773e80000,0x0000000774607cb0,0x0000000774680000)
  to   space 10752K, 0% used [0x0000000773180000,0x0000000773180000,0x0000000773c00000)
 ParOldGen       total 96768K, used 5191K [0x00000006c1c00000, 0x00000006c7a80000, 0x000000076b400000)
  object space 96768K, 5% used [0x00000006c1c00000,0x00000006c2111e70,0x00000006c7a80000)
 Metaspace       used 27614K, capacity 27830K, committed 28032K, reserved 1073152K
  class space    used 3815K, capacity 3875K, committed 3968K, reserved 1048576K
}
Event: 6.121 GC heap before
{Heap before GC invocations=6 (full 1):
 PSYoungGen      total 118272K, used 99773K [0x000000076b400000, 0x0000000774680000, 0x00000007c0000000)
  eden space 110080K, 83% used [0x000000076b400000,0x0000000770de7a40,0x0000000771f80000)
  from space 8192K, 94% used [0x0000000773e80000,0x0000000774607cb0,0x0000000774680000)
  to   space 10752K, 0% used [0x0000000773180000,0x0000000773180000,0x0000000773c00000)
 ParOldGen       total 96768K, used 5191K [0x00000006c1c00000, 0x00000006c7a80000, 0x000000076b400000)
  object space 96768K, 5% used [0x00000006c1c00000,0x00000006c2111e70,0x00000006c7a80000)
 Metaspace       used 35151K, capacity 35460K, committed 35496K, reserved 1079296K
  class space    used 5003K, capacity 5103K, committed 5120K, reserved 1048576K
Event: 6.136 GC heap after
Heap after GC invocations=6 (full 1):
 PSYoungGen      total 139264K, used 9521K [0x000000076b400000, 0x0000000777880000, 0x00000007c0000000)
  eden space 128512K, 0% used [0x000000076b400000,0x000000076b400000,0x0000000773180000)
  from space 10752K, 88% used [0x0000000773180000,0x0000000773acc528,0x0000000773c00000)
  to   space 10752K, 0% used [0x0000000776e00000,0x0000000776e00000,0x0000000777880000)
 ParOldGen       total 96768K, used 5199K [0x00000006c1c00000, 0x00000006c7a80000, 0x000000076b400000)
  object space 96768K, 5% used [0x00000006c1c00000,0x00000006c2113e70,0x00000006c7a80000)
 Metaspace       used 35151K, capacity 35460K, committed 35496K, reserved 1079296K
  class space    used 5003K, capacity 5103K, committed 5120K, reserved 1048576K
}
Event: 6.136 GC heap before
{Heap before GC invocations=7 (full 2):
 PSYoungGen      total 139264K, used 9521K [0x000000076b400000, 0x0000000777880000, 0x00000007c0000000)
  eden space 128512K, 0% used [0x000000076b400000,0x000000076b400000,0x0000000773180000)
  from space 10752K, 88% used [0x0000000773180000,0x0000000773acc528,0x0000000773c00000)
  to   space 10752K, 0% used [0x0000000776e00000,0x0000000776e00000,0x0000000777880000)
 ParOldGen       total 96768K, used 5199K [0x00000006c1c00000, 0x00000006c7a80000, 0x000000076b400000)
  object space 96768K, 5% used [0x00000006c1c00000,0x00000006c2113e70,0x00000006c7a80000)
 Metaspace       used 35151K, capacity 35460K, committed 35496K, reserved 1079296K
  class space    used 5003K, capacity 5103K, committed 5120K, reserved 1048576K
Event: 6.166 GC heap after
Heap after GC invocations=7 (full 2):
 PSYoungGen      total 139264K, used 0K [0x000000076b400000, 0x0000000777880000, 0x00000007c0000000)
  eden space 128512K, 0% used [0x000000076b400000,0x000000076b400000,0x0000000773180000)
  from space 10752K, 0% used [0x0000000773180000,0x0000000773180000,0x0000000773c00000)
  to   space 10752K, 0% used [0x0000000776e00000,0x0000000776e00000,0x0000000777880000)
 ParOldGen       total 139264K, used 13223K [0x00000006c1c00000, 0x00000006ca400000, 0x000000076b400000)
  object space 139264K, 9% used [0x00000006c1c00000,0x00000006c28e9ef8,0x00000006ca400000)
 Metaspace       used 35148K, capacity 35454K, committed 35496K, reserved 1079296K
  class space    used 5003K, capacity 5102K, committed 5120K, reserved 1048576K
}
Event: 12.036 GC heap before
{Heap before GC invocations=8 (full 2):
 PSYoungGen      total 139264K, used 128512K [0x000000076b400000, 0x0000000777880000, 0x00000007c0000000)
  eden space 128512K, 100% used [0x000000076b400000,0x0000000773180000,0x0000000773180000)
  from space 10752K, 0% used [0x0000000773180000,0x0000000773180000,0x0000000773c00000)
  to   space 10752K, 0% used [0x0000000776e00000,0x0000000776e00000,0x0000000777880000)
 ParOldGen       total 139264K, used 13223K [0x00000006c1c00000, 0x00000006ca400000, 0x000000076b400000)
  object space 139264K, 9% used [0x00000006c1c00000,0x00000006c28e9ef8,0x00000006ca400000)
 Metaspace       used 38663K, capacity 39180K, committed 39296K, reserved 1083392K
  class space    used 5552K, capacity 5691K, committed 5760K, reserved 1048576K
Event: 12.040 GC heap after
Heap after GC invocations=8 (full 2):
 PSYoungGen      total 190464K, used 4405K [0x000000076b400000, 0x0000000778c80000, 0x00000007c0000000)
  eden space 179712K, 0% used [0x000000076b400000,0x000000076b400000,0x0000000776380000)
  from space 10752K, 40% used [0x0000000776e00000,0x000000077724d470,0x0000000777880000)
  to   space 10752K, 0% used [0x0000000776380000,0x0000000776380000,0x0000000776e00000)
 ParOldGen       total 139264K, used 13231K [0x00000006c1c00000, 0x00000006ca400000, 0x000000076b400000)
  object space 139264K, 9% used [0x00000006c1c00000,0x00000006c28ebef8,0x00000006ca400000)
 Metaspace       used 38663K, capacity 39180K, committed 39296K, reserved 1083392K
  class space    used 5552K, capacity 5691K, committed 5760K, reserved 1048576K
}

